Using pre-set license
Built from '2020.2/staging' branch; Version is '2020.2.7f1 (c53830e277f1) revision 12924976'; Using compiler version '192528614'; Build Type 'Release'
OS: 'Windows 10 Home; OS build 19041.804; Version 2004; 64bit' Language: 'en' Physical Memory: 16346 MB
BatchMode: 1, IsHumanControllingUs: 0, StartBugReporterOnCrash: 0, Is64bit: 1, IsPro: 0

 COMMAND LINE ARGUMENTS:
D:\Unity Editors\2020.2.7f1\Editor\Unity.exe
-adb2
-batchMode
-noUpm
-name
AssetImportWorker0
-projectPath
D:/Unity Projects/CS490UnityProject/490-Unity
-logFile
Logs/AssetImportWorker0.log
-srvPort
57525
Successfully changed project path to: D:/Unity Projects/CS490UnityProject/490-Unity
D:/Unity Projects/CS490UnityProject/490-Unity
Using Asset Import Pipeline V2.
Refreshing native plugins compatible for Editor in 30.35 ms, found 0 plugins.
Preloading 0 native plugins for Editor in 0.00 ms.
Initialize engine version: 2020.2.7f1 (c53830e277f1)
[Subsystems] Discovering subsystems at path D:/Unity Editors/2020.2.7f1/Editor/Data/Resources/UnitySubsystems
[Subsystems] Discovering subsystems at path D:/Unity Projects/CS490UnityProject/490-Unity/Assets
GfxDevice: creating device client; threaded=0
Direct3D:
    Version:  Direct3D 11.0 [level 11.1]
    Renderer: NVIDIA GeForce GTX 1070 (ID=0x1b81)
    Vendor:   
    VRAM:     8088 MB
    Driver:   27.21.14.6079
Initialize mono
Mono path[0] = 'D:/Unity Editors/2020.2.7f1/Editor/Data/Managed'
Mono path[1] = 'D:/Unity Editors/2020.2.7f1/Editor/Data/MonoBleedingEdge/lib/mono/unityjit'
Mono config path = 'D:/Unity Editors/2020.2.7f1/Editor/Data/MonoBleedingEdge/etc'
Using monoOptions --debugger-agent=transport=dt_socket,embedding=1,server=y,suspend=n,address=127.0.0.1:56792
Begin MonoManager ReloadAssembly
Registering precompiled unity dll's ...
Register platform support module: D:/Unity Editors/2020.2.7f1/Editor/Data/PlaybackEngines/WindowsStandaloneSupport/UnityEditor.WindowsStandalone.Extensions.dll
Registered in 0.001207 seconds.
Native extension for WindowsStandalone target not found
Refreshing native plugins compatible for Editor in 29.11 ms, found 0 plugins.
Preloading 0 native plugins for Editor in 0.00 ms.
Invoked RoslynAnalysisRunner static constructor.
RoslynAnalysisRunner will not be running.
RoslynAnalysisRunner has terminated.
Mono: successfully reloaded assembly
- Completed reload, in  1.081 seconds
Platform modules already initialized, skipping
Registering precompiled user dll's ...
Registered in 0.000921 seconds.
Begin MonoManager ReloadAssembly
Native extension for WindowsStandalone target not found
Refreshing native plugins compatible for Editor in 30.35 ms, found 0 plugins.
Preloading 0 native plugins for Editor in 0.00 ms.
Invoked RoslynAnalysisRunner static constructor.
RoslynAnalysisRunner will not be running.
RoslynAnalysisRunner has terminated.
Mono: successfully reloaded assembly
- Completed reload, in  1.062 seconds
Platform modules already initialized, skipping
========================================================================
Worker process is ready to serve import requests
Launched and connected shader compiler UnityShaderCompiler.exe after 0.03 seconds
Refreshing native plugins compatible for Editor in 0.32 ms, found 0 plugins.
Preloading 0 native plugins for Editor in 0.00 ms.
Unloading 1724 Unused Serialized files (Serialized files now loaded: 0)
System memory in use before: 181.1 MB.
System memory in use after: 181.1 MB.

Unloading 79 unused Assets to reduce memory usage. Loaded Objects now: 2204.
Total: 2.422100 ms (FindLiveObjects: 0.220300 ms CreateObjectMapping: 0.062400 ms MarkObjects: 1.886600 ms  DeleteObjects: 0.251900 ms)

========================================================================
Received Import Request.
  path: Assets/TextMesh Pro/Resources/Fonts & Materials/IndieFlower-Regular.ttf
  artifactKey: Guid(3845fc3e353781c4ab3cc8591d8c6614) Importer(815301076,1909f56bfc062723c751e8b465ee728b)
Start importing Assets/TextMesh Pro/Resources/Fonts & Materials/IndieFlower-Regular.ttf using Guid(3845fc3e353781c4ab3cc8591d8c6614) Importer(815301076,1909f56bfc062723c751e8b465ee728b)  -> (artifact id: '37fd256e62959f4f5b70963f6bd99639') in 0.118610 seconds
  Import took 0.121281 seconds .

========================================================================
Received Prepare
Registering precompiled user dll's ...
Registered in 0.000784 seconds.
Begin MonoManager ReloadAssembly
Native extension for WindowsStandalone target not found
Refreshing native plugins compatible for Editor in 0.33 ms, found 0 plugins.
Preloading 0 native plugins for Editor in 0.00 ms.
Warning: Annotation not found!
UnityEngine.StackTraceUtility:ExtractStackTrace ()
UnityEditor.ProBuilder.EditorUtility:SetGizmoIconEnabled (System.Type,bool) (at C:/Users/jjbar/Desktop/Spring 2021/Unity - 490/Project/490-Unity/Library/PackageCache/com.unity.probuilder@4.5.0/Editor/EditorCore/EditorUtility.cs:593)
UnityEditor.ProBuilder.HierarchyListener:.cctor () (at C:/Users/jjbar/Desktop/Spring 2021/Unity - 490/Project/490-Unity/Library/PackageCache/com.unity.probuilder@4.5.0/Editor/EditorCore/HierarchyListener.cs:21)
System.Runtime.CompilerServices.RuntimeHelpers:RunClassConstructor (System.RuntimeTypeHandle)
UnityEditor.EditorAssemblies:ProcessInitializeOnLoadAttributes (System.Type[])

[C:/Users/jjbar/Desktop/Spring 2021/Unity - 490/Project/490-Unity/Library/PackageCache/com.unity.probuilder@4.5.0/Editor/EditorCore/EditorUtility.cs line 593]

Invoked RoslynAnalysisRunner static constructor.
RoslynAnalysisRunner will not be running.
RoslynAnalysisRunner has terminated.
Mono: successfully reloaded assembly
- Completed reload, in  0.910 seconds
Platform modules already initialized, skipping
Refreshing native plugins compatible for Editor in 0.43 ms, found 0 plugins.
Preloading 0 native plugins for Editor in 0.00 ms.
Unloading 1638 Unused Serialized files (Serialized files now loaded: 0)
System memory in use before: 178.3 MB.
System memory in use after: 178.3 MB.

Unloading 7 unused Assets to reduce memory usage. Loaded Objects now: 2251.
Total: 2.498100 ms (FindLiveObjects: 0.207700 ms CreateObjectMapping: 0.062100 ms MarkObjects: 2.056500 ms  DeleteObjects: 0.170900 ms)

========================================================================
Received Import Request.
  Time since last request: 187.779709 seconds.
  path: Assets/Material/Pow Material.mat
  artifactKey: Guid(43515a36cac8acb48bc971d3d6b1850c) Importer(815301076,1909f56bfc062723c751e8b465ee728b)
Start importing Assets/Material/Pow Material.mat using Guid(43515a36cac8acb48bc971d3d6b1850c) Importer(815301076,1909f56bfc062723c751e8b465ee728b)  -> (artifact id: '90d79cae1fbe9581065477ce1ff895a2') in 0.076942 seconds
  Import took 0.080108 seconds .

========================================================================
Received Prepare
Registering precompiled user dll's ...
Registered in 0.000759 seconds.
Begin MonoManager ReloadAssembly
Native extension for WindowsStandalone target not found
Refreshing native plugins compatible for Editor in 0.31 ms, found 0 plugins.
Preloading 0 native plugins for Editor in 0.00 ms.
Warning: Annotation not found!
UnityEngine.StackTraceUtility:ExtractStackTrace ()
UnityEditor.ProBuilder.EditorUtility:SetGizmoIconEnabled (System.Type,bool) (at C:/Users/jjbar/Desktop/Spring 2021/Unity - 490/Project/490-Unity/Library/PackageCache/com.unity.probuilder@4.5.0/Editor/EditorCore/EditorUtility.cs:593)
UnityEditor.ProBuilder.HierarchyListener:.cctor () (at C:/Users/jjbar/Desktop/Spring 2021/Unity - 490/Project/490-Unity/Library/PackageCache/com.unity.probuilder@4.5.0/Editor/EditorCore/HierarchyListener.cs:21)
System.Runtime.CompilerServices.RuntimeHelpers:RunClassConstructor (System.RuntimeTypeHandle)
UnityEditor.EditorAssemblies:ProcessInitializeOnLoadAttributes (System.Type[])

[C:/Users/jjbar/Desktop/Spring 2021/Unity - 490/Project/490-Unity/Library/PackageCache/com.unity.probuilder@4.5.0/Editor/EditorCore/EditorUtility.cs line 593]

Invoked RoslynAnalysisRunner static constructor.
RoslynAnalysisRunner will not be running.
RoslynAnalysisRunner has terminated.
Mono: successfully reloaded assembly
- Completed reload, in  0.903 seconds
Platform modules already initialized, skipping
Refreshing native plugins compatible for Editor in 0.35 ms, found 0 plugins.
Preloading 0 native plugins for Editor in 0.00 ms.
Unloading 1638 Unused Serialized files (Serialized files now loaded: 0)
System memory in use before: 178.4 MB.
System memory in use after: 178.3 MB.

Unloading 7 unused Assets to reduce memory usage. Loaded Objects now: 2255.
Total: 2.226900 ms (FindLiveObjects: 0.175900 ms CreateObjectMapping: 0.053300 ms MarkObjects: 1.819800 ms  DeleteObjects: 0.176900 ms)

========================================================================
Received Import Request.
  Time since last request: 126.376331 seconds.
  path: Assets/Scripts/ShootingRangeScripts
  artifactKey: Guid(1c04c536b7d166a44b787f7b7070344e) Importer(815301076,1909f56bfc062723c751e8b465ee728b)
Start importing Assets/Scripts/ShootingRangeScripts using Guid(1c04c536b7d166a44b787f7b7070344e) Importer(815301076,1909f56bfc062723c751e8b465ee728b)  -> (artifact id: '636c9d382d182d64a5234a623c4b8f43') in 0.009814 seconds
  Import took 0.012604 seconds .

========================================================================
Received Import Request.
  Time since last request: 5.054212 seconds.
  path: Assets/Scripts/ShootingRangeScripts/TargetManager.cs
  artifactKey: Guid(c2286da55a78c1e4aaa9d6423081ec25) Importer(815301076,1909f56bfc062723c751e8b465ee728b)
Start importing Assets/Scripts/ShootingRangeScripts/TargetManager.cs using Guid(c2286da55a78c1e4aaa9d6423081ec25) Importer(815301076,1909f56bfc062723c751e8b465ee728b)  -> (artifact id: '6dc23d8fae91ea80f45e579c5835e5c7') in 0.066213 seconds
  Import took 0.068927 seconds .

========================================================================
Received Prepare
Registering precompiled user dll's ...
Registered in 0.000842 seconds.
Begin MonoManager ReloadAssembly
Native extension for WindowsStandalone target not found
Refreshing native plugins compatible for Editor in 0.31 ms, found 0 plugins.
Preloading 0 native plugins for Editor in 0.00 ms.
Warning: Annotation not found!
UnityEngine.StackTraceUtility:ExtractStackTrace ()
UnityEditor.ProBuilder.EditorUtility:SetGizmoIconEnabled (System.Type,bool) (at C:/Users/jjbar/Desktop/Spring 2021/Unity - 490/Project/490-Unity/Library/PackageCache/com.unity.probuilder@4.5.0/Editor/EditorCore/EditorUtility.cs:593)
UnityEditor.ProBuilder.HierarchyListener:.cctor () (at C:/Users/jjbar/Desktop/Spring 2021/Unity - 490/Project/490-Unity/Library/PackageCache/com.unity.probuilder@4.5.0/Editor/EditorCore/HierarchyListener.cs:21)
System.Runtime.CompilerServices.RuntimeHelpers:RunClassConstructor (System.RuntimeTypeHandle)
UnityEditor.EditorAssemblies:ProcessInitializeOnLoadAttributes (System.Type[])

[C:/Users/jjbar/Desktop/Spring 2021/Unity - 490/Project/490-Unity/Library/PackageCache/com.unity.probuilder@4.5.0/Editor/EditorCore/EditorUtility.cs line 593]

Invoked RoslynAnalysisRunner static constructor.
RoslynAnalysisRunner will not be running.
RoslynAnalysisRunner has terminated.
Mono: successfully reloaded assembly
- Completed reload, in  0.954 seconds
Platform modules already initialized, skipping
Refreshing native plugins compatible for Editor in 0.32 ms, found 0 plugins.
Preloading 0 native plugins for Editor in 0.00 ms.
Unloading 1638 Unused Serialized files (Serialized files now loaded: 0)
System memory in use before: 178.4 MB.
System memory in use after: 178.3 MB.

Unloading 7 unused Assets to reduce memory usage. Loaded Objects now: 2258.
Total: 2.863600 ms (FindLiveObjects: 0.259800 ms CreateObjectMapping: 0.078100 ms MarkObjects: 2.318900 ms  DeleteObjects: 0.205600 ms)

========================================================================
Received Import Request.
  Time since last request: 139.752271 seconds.
  path: Assets/Scripts/ShootingRangeScripts/TargetManager.cs
  artifactKey: Guid(c2286da55a78c1e4aaa9d6423081ec25) Importer(815301076,1909f56bfc062723c751e8b465ee728b)
Start importing Assets/Scripts/ShootingRangeScripts/TargetManager.cs using Guid(c2286da55a78c1e4aaa9d6423081ec25) Importer(815301076,1909f56bfc062723c751e8b465ee728b)  -> (artifact id: '4cbc66a31d61b8742ebd1643105bbe02') in 0.009516 seconds
  Import took 0.012505 seconds .

========================================================================
Received Prepare
Registering precompiled user dll's ...
Registered in 0.001164 seconds.
Begin MonoManager ReloadAssembly
Native extension for WindowsStandalone target not found
Refreshing native plugins compatible for Editor in 0.50 ms, found 0 plugins.
Preloading 0 native plugins for Editor in 0.00 ms.
Warning: Annotation not found!
UnityEngine.StackTraceUtility:ExtractStackTrace ()
UnityEditor.ProBuilder.EditorUtility:SetGizmoIconEnabled (System.Type,bool) (at C:/Users/jjbar/Desktop/Spring 2021/Unity - 490/Project/490-Unity/Library/PackageCache/com.unity.probuilder@4.5.0/Editor/EditorCore/EditorUtility.cs:593)
UnityEditor.ProBuilder.HierarchyListener:.cctor () (at C:/Users/jjbar/Desktop/Spring 2021/Unity - 490/Project/490-Unity/Library/PackageCache/com.unity.probuilder@4.5.0/Editor/EditorCore/HierarchyListener.cs:21)
System.Runtime.CompilerServices.RuntimeHelpers:RunClassConstructor (System.RuntimeTypeHandle)
UnityEditor.EditorAssemblies:ProcessInitializeOnLoadAttributes (System.Type[])

[C:/Users/jjbar/Desktop/Spring 2021/Unity - 490/Project/490-Unity/Library/PackageCache/com.unity.probuilder@4.5.0/Editor/EditorCore/EditorUtility.cs line 593]

Invoked RoslynAnalysisRunner static constructor.
RoslynAnalysisRunner will not be running.
RoslynAnalysisRunner has terminated.
Mono: successfully reloaded assembly
- Completed reload, in  1.095 seconds
Platform modules already initialized, skipping
Refreshing native plugins compatible for Editor in 0.44 ms, found 0 plugins.
Preloading 0 native plugins for Editor in 0.00 ms.
Unloading 1638 Unused Serialized files (Serialized files now loaded: 0)
System memory in use before: 178.4 MB.
System memory in use after: 178.4 MB.

Unloading 7 unused Assets to reduce memory usage. Loaded Objects now: 2261.
Total: 2.378000 ms (FindLiveObjects: 0.193400 ms CreateObjectMapping: 0.060800 ms MarkObjects: 1.937700 ms  DeleteObjects: 0.184800 ms)

AssetImportWorkerClient::OnTransportError - code=2 error=End of file
