Using pre-set license
Built from '2020.2/staging' branch; Version is '2020.2.3f1 (8ff31bc5bf5b) revision 9433883'; Using compiler version '192528614'; Build Type 'Release'
OS: 'Windows 10 Pro; OS build 19041.804; Version 2004; 64bit' Language: 'en' Physical Memory: 16316 MB
BatchMode: 1, IsHumanControllingUs: 0, StartBugReporterOnCrash: 0, Is64bit: 1, IsPro: 0

 COMMAND LINE ARGUMENTS:
C:\Program Files\Unity\Hub\Editor\2020.2.3f1\Editor\Unity.exe
-adb2
-batchMode
-noUpm
-name
AssetImportWorker0
-projectPath
C:/Users/jjbar/Desktop/Spring 2021/Unity - 490/FinalProject/FinalProjectInteractionPrototype
-logFile
Logs/AssetImportWorker0.log
-srvPort
64131
Successfully changed project path to: C:/Users/jjbar/Desktop/Spring 2021/Unity - 490/FinalProject/FinalProjectInteractionPrototype
C:/Users/jjbar/Desktop/Spring 2021/Unity - 490/FinalProject/FinalProjectInteractionPrototype
Using Asset Import Pipeline V2.
Refreshing native plugins compatible for Editor in 30.00 ms, found 0 plugins.
Preloading 0 native plugins for Editor in 0.00 ms.
Initialize engine version: 2020.2.3f1 (8ff31bc5bf5b)
[Subsystems] Discovering subsystems at path C:/Program Files/Unity/Hub/Editor/2020.2.3f1/Editor/Data/Resources/UnitySubsystems
[Subsystems] Discovering subsystems at path C:/Users/jjbar/Desktop/Spring 2021/Unity - 490/FinalProject/FinalProjectInteractionPrototype/Assets
GfxDevice: creating device client; threaded=0
Direct3D:
    Version:  Direct3D 11.0 [level 11.1]
    Renderer: NVIDIA GeForce GTX 1050 Ti (ID=0x1c82)
    Vendor:   
    VRAM:     4018 MB
    Driver:   27.21.14.5751
Initialize mono
Mono path[0] = 'C:/Program Files/Unity/Hub/Editor/2020.2.3f1/Editor/Data/Managed'
Mono path[1] = 'C:/Program Files/Unity/Hub/Editor/2020.2.3f1/Editor/Data/MonoBleedingEdge/lib/mono/unityjit'
Mono config path = 'C:/Program Files/Unity/Hub/Editor/2020.2.3f1/Editor/Data/MonoBleedingEdge/etc'
Using monoOptions --debugger-agent=transport=dt_socket,embedding=1,server=y,suspend=n,address=127.0.0.1:56116
Begin MonoManager ReloadAssembly
Registering precompiled unity dll's ...
Register platform support module: C:/Program Files/Unity/Hub/Editor/2020.2.3f1/Editor/Data/PlaybackEngines/WindowsStandaloneSupport/UnityEditor.WindowsStandalone.Extensions.dll
Registered in 0.003356 seconds.
Native extension for WindowsStandalone target not found
Refreshing native plugins compatible for Editor in 31.30 ms, found 0 plugins.
Preloading 0 native plugins for Editor in 0.00 ms.
Invoked RoslynAnalysisRunner static constructor.
RoslynAnalysisRunner will not be running.
RoslynAnalysisRunner has terminated.
Mono: successfully reloaded assembly
- Completed reload, in  1.519 seconds
Platform modules already initialized, skipping
Registering precompiled user dll's ...
Registered in 0.001107 seconds.
Begin MonoManager ReloadAssembly
Native extension for WindowsStandalone target not found
Refreshing native plugins compatible for Editor in 0.27 ms, found 0 plugins.
Preloading 0 native plugins for Editor in 0.00 ms.
Invoked RoslynAnalysisRunner static constructor.
RoslynAnalysisRunner will not be running.
RoslynAnalysisRunner has terminated.
Mono: successfully reloaded assembly
- Completed reload, in  1.024 seconds
Platform modules already initialized, skipping
========================================================================
Worker process is ready to serve import requests
Launched and connected shader compiler UnityShaderCompiler.exe after 0.06 seconds
Refreshing native plugins compatible for Editor in 0.25 ms, found 0 plugins.
Preloading 0 native plugins for Editor in 0.00 ms.
Unloading 1106 Unused Serialized files (Serialized files now loaded: 0)
System memory in use before: 57.2 MB.
System memory in use after: 57.2 MB.

Unloading 10 unused Assets to reduce memory usage. Loaded Objects now: 1548.
Total: 2.128000 ms (FindLiveObjects: 0.180700 ms CreateObjectMapping: 0.033500 ms MarkObjects: 1.808500 ms  DeleteObjects: 0.103400 ms)

========================================================================
Received Import Request.
  path: Assets/Panel.controller
  artifactKey: Guid(072e64d07245d3643bff551e5e9b7c9e) Importer(815301076,1909f56bfc062723c751e8b465ee728b)
Start importing Assets/Panel.controller using Guid(072e64d07245d3643bff551e5e9b7c9e) Importer(815301076,1909f56bfc062723c751e8b465ee728b)  -> (artifact id: 'de96e3164f4435052f725ea742299597') in 0.049056 seconds
  Import took 0.051934 seconds .

========================================================================
Received Import Request.
  Time since last request: 5.179856 seconds.
  path: Assets/Panel.controller
  artifactKey: Guid(072e64d07245d3643bff551e5e9b7c9e) Importer(815301076,1909f56bfc062723c751e8b465ee728b)
Start importing Assets/Panel.controller using Guid(072e64d07245d3643bff551e5e9b7c9e) Importer(815301076,1909f56bfc062723c751e8b465ee728b)  -> (artifact id: 'ed4496f046b09452bac78b27cc51db51') in 0.006577 seconds
  Import took 0.010010 seconds .

========================================================================
Received Prepare
Registering precompiled user dll's ...
Registered in 0.001042 seconds.
Begin MonoManager ReloadAssembly
Native extension for WindowsStandalone target not found
Refreshing native plugins compatible for Editor in 0.28 ms, found 0 plugins.
Preloading 0 native plugins for Editor in 0.00 ms.
Invoked RoslynAnalysisRunner static constructor.
RoslynAnalysisRunner will not be running.
RoslynAnalysisRunner has terminated.
Mono: successfully reloaded assembly
- Completed reload, in  0.969 seconds
Platform modules already initialized, skipping
Refreshing native plugins compatible for Editor in 0.28 ms, found 0 plugins.
Preloading 0 native plugins for Editor in 0.00 ms.
Unloading 1101 Unused Serialized files (Serialized files now loaded: 0)
System memory in use before: 57.1 MB.
System memory in use after: 57.2 MB.

Unloading 5 unused Assets to reduce memory usage. Loaded Objects now: 1550.
Total: 2.165500 ms (FindLiveObjects: 0.196700 ms CreateObjectMapping: 0.035900 ms MarkObjects: 1.853900 ms  DeleteObjects: 0.077200 ms)

========================================================================
Received Prepare
Registering precompiled user dll's ...
Registered in 0.001327 seconds.
Begin MonoManager ReloadAssembly
Native extension for WindowsStandalone target not found
Refreshing native plugins compatible for Editor in 0.29 ms, found 0 plugins.
Preloading 0 native plugins for Editor in 0.00 ms.
Invoked RoslynAnalysisRunner static constructor.
RoslynAnalysisRunner will not be running.
RoslynAnalysisRunner has terminated.
Mono: successfully reloaded assembly
- Completed reload, in  1.124 seconds
Platform modules already initialized, skipping
Refreshing native plugins compatible for Editor in 0.28 ms, found 0 plugins.
Preloading 0 native plugins for Editor in 0.00 ms.
Unloading 1101 Unused Serialized files (Serialized files now loaded: 0)
System memory in use before: 57.1 MB.
System memory in use after: 57.2 MB.

Unloading 5 unused Assets to reduce memory usage. Loaded Objects now: 1552.
Total: 2.552000 ms (FindLiveObjects: 0.306400 ms CreateObjectMapping: 0.069200 ms MarkObjects: 2.101600 ms  DeleteObjects: 0.073000 ms)

========================================================================
Received Prepare
Registering precompiled user dll's ...
Registered in 0.001241 seconds.
Begin MonoManager ReloadAssembly
Native extension for WindowsStandalone target not found
Refreshing native plugins compatible for Editor in 0.38 ms, found 0 plugins.
Preloading 0 native plugins for Editor in 0.00 ms.
Invoked RoslynAnalysisRunner static constructor.
RoslynAnalysisRunner will not be running.
RoslynAnalysisRunner has terminated.
Mono: successfully reloaded assembly
- Completed reload, in  1.110 seconds
Platform modules already initialized, skipping
Refreshing native plugins compatible for Editor in 0.27 ms, found 0 plugins.
Preloading 0 native plugins for Editor in 0.00 ms.
Unloading 1101 Unused Serialized files (Serialized files now loaded: 0)
System memory in use before: 57.2 MB.
System memory in use after: 57.2 MB.

Unloading 5 unused Assets to reduce memory usage. Loaded Objects now: 1554.
Total: 2.069400 ms (FindLiveObjects: 0.218900 ms CreateObjectMapping: 0.038300 ms MarkObjects: 1.744800 ms  DeleteObjects: 0.065600 ms)

========================================================================
Received Import Request.
  Time since last request: 322.785517 seconds.
  path: Assets/TextClose.anim
  artifactKey: Guid(941f11f813c8cd54b8d11d635f3ca66f) Importer(815301076,1909f56bfc062723c751e8b465ee728b)
Start importing Assets/TextClose.anim using Guid(941f11f813c8cd54b8d11d635f3ca66f) Importer(815301076,1909f56bfc062723c751e8b465ee728b)  -> (artifact id: 'af01b14cb8a7c83976d87dce43c4b1b0') in 0.023585 seconds
  Import took 0.027001 seconds .

========================================================================
Received Import Request.
  Time since last request: 0.001211 seconds.
  path: Assets/TextClose.anim
  artifactKey: Guid(941f11f813c8cd54b8d11d635f3ca66f) Importer(815301076,1909f56bfc062723c751e8b465ee728b)
Start importing Assets/TextClose.anim using Guid(941f11f813c8cd54b8d11d635f3ca66f) Importer(815301076,1909f56bfc062723c751e8b465ee728b)  -> (artifact id: 'af01b14cb8a7c83976d87dce43c4b1b0') in 0.005489 seconds
  Import took 0.007820 seconds .

========================================================================
Received Import Request.
  Time since last request: 0.714357 seconds.
  path: Assets/TextOpen.anim
  artifactKey: Guid(98ec90468f7c629468cef2d83c84ebab) Importer(815301076,1909f56bfc062723c751e8b465ee728b)
Start importing Assets/TextOpen.anim using Guid(98ec90468f7c629468cef2d83c84ebab) Importer(815301076,1909f56bfc062723c751e8b465ee728b)  -> (artifact id: 'ddf727dcfd96028f501d25cad80bcf62') in 0.011463 seconds
  Import took 0.014580 seconds .

========================================================================
Received Prepare
Registering precompiled user dll's ...
Registered in 0.001004 seconds.
Begin MonoManager ReloadAssembly
Native extension for WindowsStandalone target not found
Refreshing native plugins compatible for Editor in 0.39 ms, found 0 plugins.
Preloading 0 native plugins for Editor in 0.00 ms.
Invoked RoslynAnalysisRunner static constructor.
RoslynAnalysisRunner will not be running.
RoslynAnalysisRunner has terminated.
Mono: successfully reloaded assembly
- Completed reload, in  1.151 seconds
Platform modules already initialized, skipping
Refreshing native plugins compatible for Editor in 0.43 ms, found 0 plugins.
Preloading 0 native plugins for Editor in 0.00 ms.
Unloading 1101 Unused Serialized files (Serialized files now loaded: 0)
System memory in use before: 57.2 MB.
System memory in use after: 57.3 MB.

Unloading 5 unused Assets to reduce memory usage. Loaded Objects now: 1556.
Total: 2.636200 ms (FindLiveObjects: 0.207400 ms CreateObjectMapping: 0.032000 ms MarkObjects: 2.319400 ms  DeleteObjects: 0.075300 ms)

========================================================================
Received Prepare
Registering precompiled user dll's ...
Registered in 0.001048 seconds.
Begin MonoManager ReloadAssembly
Native extension for WindowsStandalone target not found
Refreshing native plugins compatible for Editor in 0.38 ms, found 0 plugins.
Preloading 0 native plugins for Editor in 0.00 ms.
Invoked RoslynAnalysisRunner static constructor.
RoslynAnalysisRunner will not be running.
RoslynAnalysisRunner has terminated.
Mono: successfully reloaded assembly
- Completed reload, in  1.104 seconds
Platform modules already initialized, skipping
Refreshing native plugins compatible for Editor in 0.31 ms, found 0 plugins.
Preloading 0 native plugins for Editor in 0.00 ms.
Unloading 1101 Unused Serialized files (Serialized files now loaded: 0)
System memory in use before: 57.2 MB.
System memory in use after: 57.3 MB.

Unloading 5 unused Assets to reduce memory usage. Loaded Objects now: 1558.
Total: 2.196600 ms (FindLiveObjects: 0.246300 ms CreateObjectMapping: 0.040200 ms MarkObjects: 1.841700 ms  DeleteObjects: 0.066800 ms)

========================================================================
Received Prepare
Registering precompiled user dll's ...
Registered in 0.000972 seconds.
Begin MonoManager ReloadAssembly
Native extension for WindowsStandalone target not found
Refreshing native plugins compatible for Editor in 0.28 ms, found 0 plugins.
Preloading 0 native plugins for Editor in 0.00 ms.
Invoked RoslynAnalysisRunner static constructor.
RoslynAnalysisRunner will not be running.
RoslynAnalysisRunner has terminated.
Mono: successfully reloaded assembly
- Completed reload, in  1.038 seconds
Platform modules already initialized, skipping
Refreshing native plugins compatible for Editor in 0.26 ms, found 0 plugins.
Preloading 0 native plugins for Editor in 0.00 ms.
Unloading 1101 Unused Serialized files (Serialized files now loaded: 0)
System memory in use before: 57.2 MB.
System memory in use after: 57.3 MB.

Unloading 5 unused Assets to reduce memory usage. Loaded Objects now: 1560.
Total: 1.934000 ms (FindLiveObjects: 0.170300 ms CreateObjectMapping: 0.031800 ms MarkObjects: 1.666000 ms  DeleteObjects: 0.064800 ms)

========================================================================
Received Prepare
Registering precompiled user dll's ...
Registered in 0.001602 seconds.
Begin MonoManager ReloadAssembly
Native extension for WindowsStandalone target not found
Refreshing native plugins compatible for Editor in 0.27 ms, found 0 plugins.
Preloading 0 native plugins for Editor in 0.00 ms.
Invoked RoslynAnalysisRunner static constructor.
RoslynAnalysisRunner will not be running.
RoslynAnalysisRunner has terminated.
Mono: successfully reloaded assembly
- Completed reload, in  0.975 seconds
Platform modules already initialized, skipping
Refreshing native plugins compatible for Editor in 0.27 ms, found 0 plugins.
Preloading 0 native plugins for Editor in 0.00 ms.
Unloading 1101 Unused Serialized files (Serialized files now loaded: 0)
System memory in use before: 57.2 MB.
System memory in use after: 57.3 MB.

Unloading 5 unused Assets to reduce memory usage. Loaded Objects now: 1562.
Total: 1.869600 ms (FindLiveObjects: 0.173300 ms CreateObjectMapping: 0.030600 ms MarkObjects: 1.599000 ms  DeleteObjects: 0.065500 ms)

========================================================================
Received Prepare
Registering precompiled user dll's ...
Registered in 0.001408 seconds.
Begin MonoManager ReloadAssembly
Native extension for WindowsStandalone target not found
Refreshing native plugins compatible for Editor in 0.47 ms, found 0 plugins.
Preloading 0 native plugins for Editor in 0.00 ms.
Invoked RoslynAnalysisRunner static constructor.
RoslynAnalysisRunner will not be running.
RoslynAnalysisRunner has terminated.
Mono: successfully reloaded assembly
- Completed reload, in  1.099 seconds
Platform modules already initialized, skipping
Refreshing native plugins compatible for Editor in 0.30 ms, found 0 plugins.
Preloading 0 native plugins for Editor in 0.00 ms.
Unloading 1101 Unused Serialized files (Serialized files now loaded: 0)
System memory in use before: 57.2 MB.
System memory in use after: 57.3 MB.

Unloading 5 unused Assets to reduce memory usage. Loaded Objects now: 1564.
Total: 2.757100 ms (FindLiveObjects: 0.231600 ms CreateObjectMapping: 0.049500 ms MarkObjects: 2.400000 ms  DeleteObjects: 0.074000 ms)

========================================================================
Received Prepare
Registering precompiled user dll's ...
Registered in 0.001032 seconds.
Begin MonoManager ReloadAssembly
Native extension for WindowsStandalone target not found
Refreshing native plugins compatible for Editor in 0.45 ms, found 0 plugins.
Preloading 0 native plugins for Editor in 0.00 ms.
Invoked RoslynAnalysisRunner static constructor.
RoslynAnalysisRunner will not be running.
RoslynAnalysisRunner has terminated.
Mono: successfully reloaded assembly
- Completed reload, in  1.003 seconds
Platform modules already initialized, skipping
Refreshing native plugins compatible for Editor in 0.37 ms, found 0 plugins.
Preloading 0 native plugins for Editor in 0.00 ms.
Unloading 1101 Unused Serialized files (Serialized files now loaded: 0)
System memory in use before: 57.2 MB.
System memory in use after: 57.3 MB.

Unloading 5 unused Assets to reduce memory usage. Loaded Objects now: 1566.
Total: 2.182600 ms (FindLiveObjects: 0.241200 ms CreateObjectMapping: 0.042700 ms MarkObjects: 1.830400 ms  DeleteObjects: 0.066700 ms)

========================================================================
Received Prepare
Registering precompiled user dll's ...
Registered in 0.001427 seconds.
Begin MonoManager ReloadAssembly
Native extension for WindowsStandalone target not found
Refreshing native plugins compatible for Editor in 0.41 ms, found 0 plugins.
Preloading 0 native plugins for Editor in 0.00 ms.
Invoked RoslynAnalysisRunner static constructor.
RoslynAnalysisRunner will not be running.
RoslynAnalysisRunner has terminated.
Mono: successfully reloaded assembly
- Completed reload, in  1.102 seconds
Platform modules already initialized, skipping
Refreshing native plugins compatible for Editor in 0.49 ms, found 0 plugins.
Preloading 0 native plugins for Editor in 0.00 ms.
Unloading 1101 Unused Serialized files (Serialized files now loaded: 0)
System memory in use before: 57.2 MB.
System memory in use after: 57.3 MB.

Unloading 5 unused Assets to reduce memory usage. Loaded Objects now: 1568.
Total: 2.286400 ms (FindLiveObjects: 0.285100 ms CreateObjectMapping: 0.051500 ms MarkObjects: 1.875800 ms  DeleteObjects: 0.071800 ms)

========================================================================
Received Prepare
Registering precompiled user dll's ...
Registered in 0.001335 seconds.
Begin MonoManager ReloadAssembly
Native extension for WindowsStandalone target not found
Refreshing native plugins compatible for Editor in 0.27 ms, found 0 plugins.
Preloading 0 native plugins for Editor in 0.00 ms.
Invoked RoslynAnalysisRunner static constructor.
RoslynAnalysisRunner will not be running.
RoslynAnalysisRunner has terminated.
Mono: successfully reloaded assembly
- Completed reload, in  1.000 seconds
Platform modules already initialized, skipping
Refreshing native plugins compatible for Editor in 0.26 ms, found 0 plugins.
Preloading 0 native plugins for Editor in 0.00 ms.
Unloading 1101 Unused Serialized files (Serialized files now loaded: 0)
System memory in use before: 57.2 MB.
System memory in use after: 57.3 MB.

Unloading 5 unused Assets to reduce memory usage. Loaded Objects now: 1570.
Total: 1.973100 ms (FindLiveObjects: 0.187800 ms CreateObjectMapping: 0.032900 ms MarkObjects: 1.669400 ms  DeleteObjects: 0.082000 ms)

========================================================================
Received Prepare
Registering precompiled user dll's ...
Registered in 0.001205 seconds.
Begin MonoManager ReloadAssembly
Native extension for WindowsStandalone target not found
Refreshing native plugins compatible for Editor in 0.28 ms, found 0 plugins.
Preloading 0 native plugins for Editor in 0.00 ms.
Invoked RoslynAnalysisRunner static constructor.
RoslynAnalysisRunner will not be running.
RoslynAnalysisRunner has terminated.
Mono: successfully reloaded assembly
- Completed reload, in  1.037 seconds
Platform modules already initialized, skipping
Refreshing native plugins compatible for Editor in 0.27 ms, found 0 plugins.
Preloading 0 native plugins for Editor in 0.00 ms.
Unloading 1101 Unused Serialized files (Serialized files now loaded: 0)
System memory in use before: 57.2 MB.
System memory in use after: 57.3 MB.

Unloading 5 unused Assets to reduce memory usage. Loaded Objects now: 1572.
Total: 2.107100 ms (FindLiveObjects: 0.223900 ms CreateObjectMapping: 0.039600 ms MarkObjects: 1.776400 ms  DeleteObjects: 0.066000 ms)

========================================================================
Received Prepare
Registering precompiled user dll's ...
Registered in 0.001177 seconds.
Begin MonoManager ReloadAssembly
Native extension for WindowsStandalone target not found
Refreshing native plugins compatible for Editor in 0.38 ms, found 0 plugins.
Preloading 0 native plugins for Editor in 0.00 ms.
Invoked RoslynAnalysisRunner static constructor.
RoslynAnalysisRunner will not be running.
RoslynAnalysisRunner has terminated.
Mono: successfully reloaded assembly
- Completed reload, in  1.091 seconds
Platform modules already initialized, skipping
Refreshing native plugins compatible for Editor in 0.29 ms, found 0 plugins.
Preloading 0 native plugins for Editor in 0.00 ms.
Unloading 1101 Unused Serialized files (Serialized files now loaded: 0)
System memory in use before: 57.2 MB.
System memory in use after: 57.3 MB.

Unloading 5 unused Assets to reduce memory usage. Loaded Objects now: 1574.
Total: 2.057700 ms (FindLiveObjects: 0.223200 ms CreateObjectMapping: 0.032100 ms MarkObjects: 1.733400 ms  DeleteObjects: 0.066500 ms)

========================================================================
Received Prepare
Registering precompiled user dll's ...
Registered in 0.001138 seconds.
Begin MonoManager ReloadAssembly
Native extension for WindowsStandalone target not found
Refreshing native plugins compatible for Editor in 0.41 ms, found 0 plugins.
Preloading 0 native plugins for Editor in 0.00 ms.
Invoked RoslynAnalysisRunner static constructor.
RoslynAnalysisRunner will not be running.
RoslynAnalysisRunner has terminated.
Mono: successfully reloaded assembly
- Completed reload, in  1.346 seconds
Platform modules already initialized, skipping
Refreshing native plugins compatible for Editor in 0.41 ms, found 0 plugins.
Preloading 0 native plugins for Editor in 0.00 ms.
Unloading 1101 Unused Serialized files (Serialized files now loaded: 0)
System memory in use before: 57.2 MB.
System memory in use after: 57.3 MB.

Unloading 5 unused Assets to reduce memory usage. Loaded Objects now: 1576.
Total: 4.040800 ms (FindLiveObjects: 0.299600 ms CreateObjectMapping: 0.077500 ms MarkObjects: 3.581100 ms  DeleteObjects: 0.079400 ms)

========================================================================
Received Import Request.
  Time since last request: 1148.012723 seconds.
  path: Assets/Animator
  artifactKey: Guid(c7498864f84a73e49ab95cf9dccf7d9b) Importer(815301076,1909f56bfc062723c751e8b465ee728b)
Start importing Assets/Animator using Guid(c7498864f84a73e49ab95cf9dccf7d9b) Importer(815301076,1909f56bfc062723c751e8b465ee728b)  -> (artifact id: 'cff70e2f86865ae4821ccbc46cfbc280') in 0.014866 seconds
  Import took 0.017542 seconds .

========================================================================
Received Import Request.
  Time since last request: 1.281836 seconds.
  path: Assets/TextOpen.anim
  artifactKey: Guid(98ec90468f7c629468cef2d83c84ebab) Importer(815301076,1909f56bfc062723c751e8b465ee728b)
Start importing Assets/TextOpen.anim using Guid(98ec90468f7c629468cef2d83c84ebab) Importer(815301076,1909f56bfc062723c751e8b465ee728b)  -> (artifact id: 'aeb23a9f821c0a123a276d787ebd4b7b') in 0.014207 seconds
  Import took 0.016997 seconds .

========================================================================
Received Import Request.
  Time since last request: 7.989955 seconds.
  path: Assets/Pictures
  artifactKey: Guid(6a9559b8c02bf204a99163a4f35fc34c) Importer(815301076,1909f56bfc062723c751e8b465ee728b)
Start importing Assets/Pictures using Guid(6a9559b8c02bf204a99163a4f35fc34c) Importer(815301076,1909f56bfc062723c751e8b465ee728b)  -> (artifact id: '731c543321e38a6c1e131e093df4ee1b') in 0.010362 seconds
  Import took 0.012526 seconds .

========================================================================
Received Import Request.
  Time since last request: 71.857502 seconds.
  path: Assets/Pictures/Paper.png
  artifactKey: Guid(7193e9804ac74b44e954abfe2fe97d15) Importer(815301076,1909f56bfc062723c751e8b465ee728b)
Start importing Assets/Pictures/Paper.png using Guid(7193e9804ac74b44e954abfe2fe97d15) Importer(815301076,1909f56bfc062723c751e8b465ee728b)  -> (artifact id: '16b52c3320f9cecce3712e0f1fbde03d') in 0.091417 seconds
  Import took 0.094187 seconds .

========================================================================
Received Import Request.
  Time since last request: 9.870958 seconds.
  path: Assets/Pictures/Paper.png
  artifactKey: Guid(7193e9804ac74b44e954abfe2fe97d15) Importer(815301076,1909f56bfc062723c751e8b465ee728b)
Start importing Assets/Pictures/Paper.png using Guid(7193e9804ac74b44e954abfe2fe97d15) Importer(815301076,1909f56bfc062723c751e8b465ee728b)  -> (artifact id: '8f24841c1b8f2447e43a45924ab0f451') in 0.060730 seconds
  Import took 0.063094 seconds .

========================================================================
Received Import Request.
  Time since last request: 67.351157 seconds.
  path: Assets/Pictures/Paper.png
  artifactKey: Guid(7193e9804ac74b44e954abfe2fe97d15) Importer(815301076,1909f56bfc062723c751e8b465ee728b)
Start importing Assets/Pictures/Paper.png using Guid(7193e9804ac74b44e954abfe2fe97d15) Importer(815301076,1909f56bfc062723c751e8b465ee728b)  -> (artifact id: '5cd3856c1e8414d949ccde85ca202547') in 0.021885 seconds
  Import took 0.025075 seconds .

========================================================================
Received Import Request.
  Time since last request: 84.247031 seconds.
  path: Assets/Pictures/printable-lined-paper-college-ruled.png
  artifactKey: Guid(1f58edd7b02e9754a915d48f7c66cd54) Importer(815301076,1909f56bfc062723c751e8b465ee728b)
Start importing Assets/Pictures/printable-lined-paper-college-ruled.png using Guid(1f58edd7b02e9754a915d48f7c66cd54) Importer(815301076,1909f56bfc062723c751e8b465ee728b)  -> (artifact id: 'ca3bf9d8117f95813952f1a96d82798d') in 0.026790 seconds
  Import took 0.029022 seconds .

========================================================================
Received Import Request.
  Time since last request: 25.325904 seconds.
  path: Assets/Pictures/printable-lined-paper-college-ruled.png
  artifactKey: Guid(1f58edd7b02e9754a915d48f7c66cd54) Importer(815301076,1909f56bfc062723c751e8b465ee728b)
Start importing Assets/Pictures/printable-lined-paper-college-ruled.png using Guid(1f58edd7b02e9754a915d48f7c66cd54) Importer(815301076,1909f56bfc062723c751e8b465ee728b)  -> (artifact id: 'dc027a4d9d22a8d7442b132369d2c706') in 0.018948 seconds
  Import took 0.021267 seconds .

========================================================================
Received Prepare
Registering precompiled user dll's ...
Registered in 0.000964 seconds.
Begin MonoManager ReloadAssembly
Native extension for WindowsStandalone target not found
Refreshing native plugins compatible for Editor in 0.25 ms, found 0 plugins.
Preloading 0 native plugins for Editor in 0.00 ms.
Invoked RoslynAnalysisRunner static constructor.
RoslynAnalysisRunner will not be running.
RoslynAnalysisRunner has terminated.
Mono: successfully reloaded assembly
- Completed reload, in  0.921 seconds
Platform modules already initialized, skipping
Refreshing native plugins compatible for Editor in 0.26 ms, found 0 plugins.
Preloading 0 native plugins for Editor in 0.00 ms.
Unloading 1101 Unused Serialized files (Serialized files now loaded: 0)
System memory in use before: 60.4 MB.
System memory in use after: 60.5 MB.

Unloading 5 unused Assets to reduce memory usage. Loaded Objects now: 1590.
Total: 1.843300 ms (FindLiveObjects: 0.180400 ms CreateObjectMapping: 0.032200 ms MarkObjects: 1.567500 ms  DeleteObjects: 0.062100 ms)

========================================================================
Received Prepare
Registering precompiled user dll's ...
Registered in 0.001102 seconds.
Begin MonoManager ReloadAssembly
Native extension for WindowsStandalone target not found
Refreshing native plugins compatible for Editor in 0.26 ms, found 0 plugins.
Preloading 0 native plugins for Editor in 0.00 ms.
Invoked RoslynAnalysisRunner static constructor.
RoslynAnalysisRunner will not be running.
RoslynAnalysisRunner has terminated.
Mono: successfully reloaded assembly
- Completed reload, in  0.908 seconds
Platform modules already initialized, skipping
Refreshing native plugins compatible for Editor in 0.25 ms, found 0 plugins.
Preloading 0 native plugins for Editor in 0.00 ms.
Unloading 1101 Unused Serialized files (Serialized files now loaded: 0)
System memory in use before: 60.4 MB.
System memory in use after: 60.5 MB.

Unloading 5 unused Assets to reduce memory usage. Loaded Objects now: 1592.
Total: 1.827700 ms (FindLiveObjects: 0.168500 ms CreateObjectMapping: 0.031600 ms MarkObjects: 1.570900 ms  DeleteObjects: 0.055500 ms)

========================================================================
Received Prepare
Registering precompiled user dll's ...
Registered in 0.000903 seconds.
Begin MonoManager ReloadAssembly
Native extension for WindowsStandalone target not found
Refreshing native plugins compatible for Editor in 0.25 ms, found 0 plugins.
Preloading 0 native plugins for Editor in 0.00 ms.
Invoked RoslynAnalysisRunner static constructor.
RoslynAnalysisRunner will not be running.
RoslynAnalysisRunner has terminated.
Mono: successfully reloaded assembly
- Completed reload, in  0.915 seconds
Platform modules already initialized, skipping
Refreshing native plugins compatible for Editor in 0.25 ms, found 0 plugins.
Preloading 0 native plugins for Editor in 0.00 ms.
Unloading 1101 Unused Serialized files (Serialized files now loaded: 0)
System memory in use before: 60.4 MB.
System memory in use after: 60.5 MB.

Unloading 5 unused Assets to reduce memory usage. Loaded Objects now: 1594.
Total: 1.863700 ms (FindLiveObjects: 0.186800 ms CreateObjectMapping: 0.030600 ms MarkObjects: 1.580100 ms  DeleteObjects: 0.065000 ms)

========================================================================
Received Prepare
Registering precompiled user dll's ...
Registered in 0.001738 seconds.
Begin MonoManager ReloadAssembly
Native extension for WindowsStandalone target not found
Refreshing native plugins compatible for Editor in 0.27 ms, found 0 plugins.
Preloading 0 native plugins for Editor in 0.00 ms.
Invoked RoslynAnalysisRunner static constructor.
RoslynAnalysisRunner will not be running.
RoslynAnalysisRunner has terminated.
Mono: successfully reloaded assembly
- Completed reload, in  0.924 seconds
Platform modules already initialized, skipping
Refreshing native plugins compatible for Editor in 0.27 ms, found 0 plugins.
Preloading 0 native plugins for Editor in 0.00 ms.
Unloading 1101 Unused Serialized files (Serialized files now loaded: 0)
System memory in use before: 60.4 MB.
System memory in use after: 60.5 MB.

Unloading 5 unused Assets to reduce memory usage. Loaded Objects now: 1596.
Total: 2.078700 ms (FindLiveObjects: 0.191400 ms CreateObjectMapping: 0.031700 ms MarkObjects: 1.775800 ms  DeleteObjects: 0.078300 ms)

AssetImportWorkerClient::OnTransportError - code=2 error=End of file
